<?xml version="1.0" encoding="utf-8"?><testsuites name="pytest tests"><testsuite name="pytest" errors="0" failures="0" skipped="9" tests="187" time="233.083" timestamp="2026-09-23T01:05:52.576247+02:00" hostname="LAPTOP-H8CDNUR7"><testcase classname="tests.test_acquisition" name="test_zero_rotation_preserves_coordinates_without_mutation" time="0.003" /><testcase classname="tests.test_acquisition" name="test_positive_ninety_degree_rotation" time="0.001" /><testcase classname="tests.test_acquisition" name="test_golden_progression_and_offset" time="0.002" /><testcase classname="tests.test_acquisition" name="test_uniform_interleaves_and_frame_increment" time="0.003" /><testcase classname="tests.test_acquisition" name="test_reference_arm_schedule_preserves_nondivisor_grouping" time="0.002" /><testcase classname="tests.test_acquisition" name="test_density_compensation_is_deterministic_per_arm_and_scaled" time="0.002" /><testcase classname="tests.test_acquisition" name="test_coordinate_conversion_rectangular" time="0.001" /><testcase classname="tests.test_acquisition" name="test_encoding_import_is_lazy_and_independent_of_signal_physics" time="2.382" /><testcase classname="tests.test_acquisition" name="test_default_nufft_accuracy_is_separate_from_high_accuracy_settings" time="5.165" /><testcase classname="tests.test_acquisition" name="test_supplied_archive_axis_order" time="0.040" /><testcase classname="tests.test_acquisition" name="test_forward_adjoint_shape_dtype_and_complex_linearity[complex64]" time="2.082" /><testcase classname="tests.test_acquisition" name="test_forward_adjoint_shape_dtype_and_complex_linearity[complex128]" time="0.991" /><testcase classname="tests.test_acquisition" name="test_nufft_against_independent_dft_and_adjoint[shape0]" time="0.013" /><testcase classname="tests.test_acquisition" name="test_nufft_against_independent_dft_and_adjoint[shape1]" time="0.010" /><testcase classname="tests.test_acquisition" name="test_fully_sampled_complex_object_reconstruction[shape0]" time="0.009" /><testcase classname="tests.test_acquisition" name="test_fully_sampled_complex_object_reconstruction[shape1]" time="0.009" /><testcase classname="tests.test_acquisition" name="test_fully_sampled_complex_object_reconstruction[shape2]" time="0.008" /><testcase classname="tests.test_acquisition" name="test_off_center_impulse_has_expected_phase_ramp" time="0.003" /><testcase classname="tests.test_acquisition" name="test_identical_trajectory_reproducibility_zero_and_input_ownership" time="0.007" /><testcase classname="tests.test_acquisition" name="test_weighting_applied_once_and_without_gain_normalization" time="0.008" /><testcase classname="tests.test_acquisition" name="test_psf_matches_dense_normal_operator_with_absolute_scale" time="0.008" /><testcase classname="tests.test_acquisition" name="test_extended_psf_linear_convolution_matches_direct_encoding" time="0.006" /><testcase classname="tests.test_acquisition" name="test_pipe_menon_is_explicit_separate_finite_method" time="2.330" /><testcase classname="tests.test_acquisition" name="test_variable_density_design_scale_and_determinism" time="0.004" /><testcase classname="tests.test_acquisition" name="test_invalid_coordinates_rejected[coords0]" time="0.002" /><testcase classname="tests.test_acquisition" name="test_invalid_coordinates_rejected[coords1]" time="0.002" /><testcase classname="tests.test_acquisition" name="test_invalid_coordinates_rejected[coords2]" time="0.003" /><testcase classname="tests.test_acquisition" name="test_invalid_coordinates_rejected[coords3]" time="0.002" /><testcase classname="tests.test_acquisition" name="test_invalid_shapes_weights_and_schedule_rejected" time="0.004" /><testcase classname="tests.test_acquisition" name="test_reference_method_frozen_outputs" time="0.028" /><testcase classname="tests.test_architecture" name="test_object_input_boundary_preserves_scalar_and_tensor_signals" time="3.986" /><testcase classname="tests.test_architecture" name="test_explicit_timing_changes_signal_and_preserves_differentiation" time="4.248" /><testcase classname="tests.test_architecture" name="test_experiment_import_and_dry_run_are_side_effect_free[optimization]" time="3.610" /><testcase classname="tests.test_architecture" name="test_experiment_import_and_dry_run_are_side_effect_free[phase_comparison]" time="2.215" /><testcase classname="tests.test_architecture" name="test_experiment_import_and_dry_run_are_side_effect_free[bspline_benchmark]" time="2.237" /><testcase classname="tests.test_architecture" name="test_experiment_import_and_dry_run_are_side_effect_free[undersampling]" time="2.201" /><testcase classname="tests.test_architecture" name="test_config_paths_are_relative_to_config_and_unknown_fields_rejected" time="0.050" /><testcase classname="tests.test_architecture" name="test_scientific_layers_do_not_import_workflows" time="0.077" /><testcase classname="tests.test_architecture" name="test_solver_uses_local_state_and_minimizes_deterministic_quadratic" time="0.990" /><testcase classname="tests.test_architecture" name="test_tensor_grid_scales_are_not_mislabeled_as_physical_metrics" time="1.259" /><testcase classname="tests.test_architecture" name="test_checkerboard_dimensions_mask_and_legacy_scale_limits" time="0.623" /><testcase classname="tests.test_architecture" name="test_dictionary_match_recovers_known_entry_and_signal_scale" time="0.532" /><testcase classname="tests.test_architecture" name="test_dictionary_accepts_numpy_and_jax_grids_without_changing_signals" time="2.445" /><testcase classname="tests.test_architecture_regression" name="test_direction_blocks_and_inversion_reference[False]" time="1.129" /><testcase classname="tests.test_architecture_regression" name="test_direction_blocks_and_inversion_reference[True]" time="1.340" /><testcase classname="tests.test_architecture_regression" name="test_phase_method_bounds_objectives_and_gradient_reference[free form]" time="35.147" /><testcase classname="tests.test_architecture_regression" name="test_phase_method_bounds_objectives_and_gradient_reference[no phase modulation]" time="12.254" /><testcase classname="tests.test_architecture_regression" name="test_phase_method_bounds_objectives_and_gradient_reference[quadratic]" time="13.148" /><testcase classname="tests.test_architecture_regression" name="test_phase_method_bounds_objectives_and_gradient_reference[quadratic malleable]" time="12.731" /><testcase classname="tests.test_bspline" name="test_basis_partition_and_scipy_consistency[evaluate_bspline0]" time="1.013" /><testcase classname="tests.test_bspline" name="test_basis_partition_and_scipy_consistency[evaluate_bspline1]" time="0.005" /><testcase classname="tests.test_bspline" name="test_basis_partition_and_scipy_consistency[evaluate_bspline2]" time="0.005" /><testcase classname="tests.test_bspline" name="test_fit_coefficient_count_and_reconstruction_on_actual_fit_grid" time="1.653" /><testcase classname="tests.test_bspline" name="test_fit_reconstructs_on_experiment_sample_grid" time="0.151"><skipped type="pytest.xfail" message="B01: experiment reconstruction grid differs from fit grid" /></testcase><testcase classname="tests.test_bspline" name="test_left_boundary_and_right_hand_limit[evaluate_bspline0]" time="0.383" /><testcase classname="tests.test_bspline" name="test_left_boundary_and_right_hand_limit[evaluate_bspline1]" time="0.002" /><testcase classname="tests.test_bspline" name="test_left_boundary_and_right_hand_limit[evaluate_bspline2]" time="0.002" /><testcase classname="tests.test_bspline" name="test_legacy_exact_right_boundary_is_excluded[evaluate_bspline0]" time="0.409" /><testcase classname="tests.test_bspline" name="test_legacy_exact_right_boundary_is_excluded[evaluate_bspline1]" time="0.003" /><testcase classname="tests.test_bspline" name="test_legacy_exact_right_boundary_is_excluded[evaluate_bspline2]" time="0.003" /><testcase classname="tests.test_bspline" name="test_spline_coefficient_derivative_and_jit" time="4.084" /><testcase classname="tests.test_diffusion" name="test_zero_tensor_equals_zero_scalar_diffusion[0]" time="0.541" /><testcase classname="tests.test_diffusion" name="test_zero_tensor_equals_zero_scalar_diffusion[1]" time="0.633" /><testcase classname="tests.test_diffusion" name="test_scalar_zero_gradient_attenuates_existing_order_only" time="0.330" /><testcase classname="tests.test_diffusion" name="test_scalar_gradient_analytical_pathway" time="0.270" /><testcase classname="tests.test_diffusion" name="test_tensor_isotropic_limit_matches_scalar_at_nonzero_order" time="0.345"><skipped type="pytest.xfail" message="D01: tensor cross-term and F-/F+ attenuation fail isotropic limit" /></testcase><testcase classname="tests.test_diffusion" name="test_tensor_gradient_off_zero_order_has_no_diffusion_decay" time="0.008"><skipped type="pytest.xfail" message="D02: Gon=0 leaves a spurious dk contribution" /></testcase><testcase classname="tests.test_diffusion" name="test_isotropic_diffusion_is_direction_independent" time="0.003" /><testcase classname="tests.test_diffusion" name="test_anisotropic_zero_order_attenuation_uses_directional_diffusivity" time="0.070" /><testcase classname="tests.test_diffusion" name="test_tensor_and_direction_rotate_together" time="0.160" /><testcase classname="tests.test_diffusion" name="test_diffusion_direction_sign_symmetry" time="0.003" /><testcase classname="tests.test_diffusion" name="test_generated_tensor_is_symmetric_positive_definite" time="0.113" /><testcase classname="tests.test_diffusion" name="test_mean_diffusivity_analytical" time="0.088"><skipped type="pytest.xfail" message="M01: MD_from_tensor returns trace instead of trace/3" /></testcase><testcase classname="tests.test_diffusion" name="test_mean_diffusivity_derivative_matches_implementation" time="0.282"><skipped type="pytest.xfail" message="M02: dMD_dD disagrees with derivative of current MD function" /></testcase><testcase classname="tests.test_diffusion" name="test_fractional_anisotropy_eigenvalue_definition[eigenvalues0]" time="0.114" /><testcase classname="tests.test_diffusion" name="test_fractional_anisotropy_eigenvalue_definition[eigenvalues1]" time="0.003" /><testcase classname="tests.test_diffusion" name="test_fractional_anisotropy_eigenvalue_definition[eigenvalues2]" time="0.003" /><testcase classname="tests.test_diffusion" name="test_fractional_anisotropy_scale_invariance" time="0.411" /><testcase classname="tests.test_diffusion" name="test_fractional_anisotropy_hand_derivative" time="0.174"><skipped type="pytest.xfail" message="M03: hand-coded FA derivative violates analytic/AD derivative" /></testcase><testcase classname="tests.test_diffusion" name="test_scalar_diffusion_derivative_is_minus_b_times_signal" time="0.898" /><testcase classname="tests.test_diffusion" name="test_tensor_diffusion_derivative_in_symmetric_direction" time="0.999" /><testcase classname="tests.test_diffusion" name="test_scalar_and_tensor_diffusion_jit_equal_eager" time="3.506" /><testcase classname="tests.test_end_to_end_diagnostic" name="test_physical_parameter_finite_difference_convergence" time="2.503" /><testcase classname="tests.test_epg" name="test_simulator_initializes_only_unit_z0" time="3.306" /><testcase classname="tests.test_epg" name="test_first_echo_after_ideal_preparation" time="0.681" /><testcase classname="tests.test_epg" name="test_zero_flip_angle" time="0.146" /><testcase classname="tests.test_epg" name="test_rf_against_rodrigues_rotation[0.0-1.5707963267948966]" time="0.105" /><testcase classname="tests.test_epg" name="test_rf_against_rodrigues_rotation[0.0--1.5707963267948966]" time="0.005" /><testcase classname="tests.test_epg" name="test_rf_against_rodrigues_rotation[0.0-3.141592653589793]" time="0.005" /><testcase classname="tests.test_epg" name="test_rf_against_rodrigues_rotation[0.0-0.37]" time="0.005" /><testcase classname="tests.test_epg" name="test_rf_against_rodrigues_rotation[1.5707963267948966-1.5707963267948966]" time="0.006" /><testcase classname="tests.test_epg" name="test_rf_against_rodrigues_rotation[1.5707963267948966--1.5707963267948966]" time="0.005" /><testcase classname="tests.test_epg" name="test_rf_against_rodrigues_rotation[1.5707963267948966-3.141592653589793]" time="0.005" /><testcase classname="tests.test_epg" name="test_rf_against_rodrigues_rotation[1.5707963267948966-0.37]" time="0.007" /><testcase classname="tests.test_epg" name="test_rf_against_rodrigues_rotation[-0.43-1.5707963267948966]" time="0.007" /><testcase classname="tests.test_epg" name="test_rf_against_rodrigues_rotation[-0.43--1.5707963267948966]" time="0.006" /><testcase classname="tests.test_epg" name="test_rf_against_rodrigues_rotation[-0.43-3.141592653589793]" time="0.007" /><testcase classname="tests.test_epg" name="test_rf_against_rodrigues_rotation[-0.43-0.37]" time="0.006" /><testcase classname="tests.test_epg" name="test_positive_gradient_and_refocusing" time="0.202" /><testcase classname="tests.test_epg" name="test_positive_gradient_truncates_without_wrap" time="0.175" /><testcase classname="tests.test_epg" name="test_negative_gradient_refocuses_positive_order" time="0.145"><skipped type="pytest.xfail" message="G01: negative shift overwrites arriving F+0" /></testcase><testcase classname="tests.test_epg" name="test_zero_gradient_step_is_identity" time="0.167" /><testcase classname="tests.test_epg" name="test_relaxation_analytical_no_gradient" time="0.107" /><testcase classname="tests.test_epg" name="test_long_t1_preserves_longitudinal_states" time="0.003" /><testcase classname="tests.test_epg" name="test_long_t2_preserves_transverse_states" time="0.056" /><testcase classname="tests.test_epg" name="test_equilibrium_stationary_under_relaxation" time="0.006" /><testcase classname="tests.test_epg" name="test_zero_diffusion_matches_relaxation" time="0.178" /><testcase classname="tests.test_epg" name="test_jit_rf_and_relaxation_match_eager" time="0.484" /><testcase classname="tests.test_forward_phantom" name="test_tensor_reproduces_requested_md_fa[0.0-0.0002]" time="0.005" /><testcase classname="tests.test_forward_phantom" name="test_tensor_reproduces_requested_md_fa[0.0-0.001]" time="0.003" /><testcase classname="tests.test_forward_phantom" name="test_tensor_reproduces_requested_md_fa[0.0-0.003]" time="0.005" /><testcase classname="tests.test_forward_phantom" name="test_tensor_reproduces_requested_md_fa[0.2-0.0002]" time="0.004" /><testcase classname="tests.test_forward_phantom" name="test_tensor_reproduces_requested_md_fa[0.2-0.001]" time="0.003" /><testcase classname="tests.test_forward_phantom" name="test_tensor_reproduces_requested_md_fa[0.2-0.003]" time="0.004" /><testcase classname="tests.test_forward_phantom" name="test_tensor_reproduces_requested_md_fa[0.7-0.0002]" time="0.004" /><testcase classname="tests.test_forward_phantom" name="test_tensor_reproduces_requested_md_fa[0.7-0.001]" time="0.004" /><testcase classname="tests.test_forward_phantom" name="test_tensor_reproduces_requested_md_fa[0.7-0.003]" time="0.004" /><testcase classname="tests.test_forward_phantom" name="test_tensor_reproduces_requested_md_fa[1.0-0.0002]" time="0.003" /><testcase classname="tests.test_forward_phantom" name="test_tensor_reproduces_requested_md_fa[1.0-0.001]" time="0.003" /><testcase classname="tests.test_forward_phantom" name="test_tensor_reproduces_requested_md_fa[1.0-0.003]" time="0.003" /><testcase classname="tests.test_forward_phantom" name="test_invalid_tensors_rejected" time="0.003" /><testcase classname="tests.test_forward_phantom" name="test_homogeneous_unique_cache_matches_exact_simulator" time="1.293" /><testcase classname="tests.test_forward_phantom" name="test_contrast_enters_actual_voxel_simulation[changed0]" time="0.010" /><testcase classname="tests.test_forward_phantom" name="test_contrast_enters_actual_voxel_simulation[changed1]" time="0.008" /><testcase classname="tests.test_forward_phantom" name="test_contrast_enters_actual_voxel_simulation[changed2]" time="0.009" /><testcase classname="tests.test_forward_phantom" name="test_contrast_enters_actual_voxel_simulation[changed3]" time="0.009" /><testcase classname="tests.test_forward_phantom" name="test_contrast_enters_actual_voxel_simulation[changed4]" time="0.007" /><testcase classname="tests.test_forward_phantom" name="test_md_diffusion_sensitive_first_echo_limit" time="0.005" /><testcase classname="tests.test_forward_phantom" name="test_density_and_object_phase_applied_once" time="0.007" /><testcase classname="tests.test_forward_phantom" name="test_actual_rf_train_used_once[none]" time="0.016" /><testcase classname="tests.test_forward_phantom" name="test_actual_rf_train_used_once[reference]" time="0.015" /><testcase classname="tests.test_forward_phantom" name="test_actual_rf_train_used_once[explicit]" time="0.012" /><testcase classname="tests.test_forward_phantom" name="test_actual_rf_train_used_once[optimized]" time="0.035" /><testcase classname="tests.test_forward_phantom" name="test_missing_optimized_sequence_not_fabricated" time="0.001" /><testcase classname="tests.test_forward_phantom" name="test_inversion_slicing_metadata_matches_signal[False]" time="1.292" /><testcase classname="tests.test_forward_phantom" name="test_inversion_slicing_metadata_matches_signal[True]" time="1.415" /><testcase classname="tests.test_forward_phantom" name="test_cartesian_complex_frame_recovery" time="0.061" /><testcase classname="tests.test_forward_phantom" name="test_spiral_interleaves_complex_scaling_and_seeded_noise" time="0.062" /><testcase classname="tests.test_forward_phantom" name="test_short_fixture_state_convergence" time="1.123" /><testcase classname="tests.test_forward_phantom" name="test_runner_outputs_without_matching" time="6.631" /><testcase classname="tests.test_information" name="test_rf_derivatives_against_finite_differences" time="1.793" /><testcase classname="tests.test_information" name="test_fa_autodiff_against_symmetric_tensor_perturbation" time="0.080" /><testcase classname="tests.test_information" name="test_scalar_jacobian_dimensions_and_parameter_order" time="5.008" /><testcase classname="tests.test_information" name="test_tensor_signal_jacobian_scalar_columns_and_jit" time="5.811" /><testcase classname="tests.test_information" name="test_general_jacobian_shape_and_scalar_parameter_order" time="5.646" /><testcase classname="tests.test_information" name="test_fim_matches_finite_difference_information_and_noise_scaling" time="5.367" /><testcase classname="tests.test_information" name="test_crlb_matches_svd_inverse_for_one_tissue" time="4.956" /><testcase classname="tests.test_information" name="test_single_complex_sample_cannot_identify_four_parameters" time="2.133" /><testcase classname="tests.test_information" name="test_crlb_analytical_diagonal_information" time="3.121" /><testcase classname="tests.test_information" name="test_crlb_exact_singular_information_is_not_finite_precision" time="0.563" /><testcase classname="tests.test_information" name="test_crlb_nonuniform_tissue_weights" time="3.233"><skipped type="pytest.xfail" message="I01: scalar bound scan applies first tissue weight to every tissue" /></testcase><testcase classname="tests.test_information" name="test_general_bounds_include_all_five_parameters" time="5.984"><skipped type="pytest.xfail" message="I02: generalized bounds omit FA and MD" /></testcase><testcase classname="tests.test_information" name="test_scalar_signal_jit_equals_eager_and_magnitude" time="1.816" /><testcase classname="tests.test_initialization" name="test_initial_coefficients_affine_phase_and_constraints_match_original[no phase modulation]" time="1.212" /><testcase classname="tests.test_initialization" name="test_initial_coefficients_affine_phase_and_constraints_match_original[free form]" time="0.171" /><testcase classname="tests.test_initialization" name="test_initial_coefficients_affine_phase_and_constraints_match_original[quadratic]" time="1.823" /><testcase classname="tests.test_initialization" name="test_initial_coefficients_affine_phase_and_constraints_match_original[quadratic malleable]" time="0.383" /><testcase classname="tests.test_phase_search" name="test_phase_candidates_preserve_angles_and_existing_projection[none]" time="2.161" /><testcase classname="tests.test_phase_search" name="test_phase_candidates_preserve_angles_and_existing_projection[quadratic]" time="0.214" /><testcase classname="tests.test_phase_search" name="test_phase_candidates_preserve_angles_and_existing_projection[linear]" time="0.250" /><testcase classname="tests.test_phase_search" name="test_phase_candidates_preserve_angles_and_existing_projection[sinusoidal]" time="0.261" /><testcase classname="tests.test_phase_search" name="test_phase_candidates_preserve_angles_and_existing_projection[alternating]" time="0.222" /><testcase classname="tests.test_phase_search" name="test_search_minimum_and_deterministic_ties" time="0.910" /><testcase classname="tests.test_phase_search" name="test_search_rejects_invalid_names_dimensions_and_nonfinite_objectives" time="0.124" /><testcase classname="tests.test_quantitative_recovery" name="test_dictionary_preflight_and_no_density_axis" time="1.201" /><testcase classname="tests.test_quantitative_recovery" name="test_complex_self_match_all_atoms_density_and_phase" time="0.011" /><testcase classname="tests.test_quantitative_recovery" name="test_phase_matching_not_magnitude_matching" time="0.003" /><testcase classname="tests.test_quantitative_recovery" name="test_zero_nonfinite_background_and_ambiguous" time="0.004" /><testcase classname="tests.test_quantitative_recovery" name="test_on_grid_phantom_recovery[homogeneous]" time="0.035" /><testcase classname="tests.test_quantitative_recovery" name="test_on_grid_phantom_recovery[t1]" time="0.032" /><testcase classname="tests.test_quantitative_recovery" name="test_on_grid_phantom_recovery[t2]" time="0.035" /><testcase classname="tests.test_quantitative_recovery" name="test_on_grid_phantom_recovery[md]" time="0.031" /><testcase classname="tests.test_quantitative_recovery" name="test_on_grid_phantom_recovery[fa]" time="0.032" /><testcase classname="tests.test_quantitative_recovery" name="test_on_grid_phantom_recovery[combined]" time="0.035" /><testcase classname="tests.test_quantitative_recovery" name="test_wrong_rf_train_does_not_pass_signal_agreement" time="0.007" /><testcase classname="tests.test_quantitative_recovery" name="test_off_grid_gate_rejects_before_undersampling" time="0.125" /><testcase classname="tests.test_quantitative_recovery" name="test_impulse_gain_calibration_is_not_truth_scaling" time="0.008" /><testcase classname="tests.test_quantitative_recovery" name="test_metrics_analytic_bias_rmse_and_invalid" time="0.004" /><testcase classname="tests.test_quantitative_recovery" name="test_absent_optimized_sequences_are_not_fabricated" time="0.002" /><testcase classname="tests.test_quantitative_recovery" name="test_paired_archives_and_equal_noise_comparison" time="1.283" /><testcase classname="tests.test_regression" name="test_frozen_legacy_reference_cases" time="0.039" /><testcase classname="tests.test_undersampling_crossvalidation" name="test_tensor_common_case_matches_pinned_external_signal" time="1.544" /><testcase classname="tests.test_undersampling_crossvalidation" name="test_scalar_common_case_accounts_for_existing_float32_rf" time="0.702" /><testcase classname="tests.test_undersampling_crossvalidation" name="test_common_m0_requires_matching_initial_magnetization[0.8]" time="0.889" /><testcase classname="tests.test_undersampling_crossvalidation" name="test_common_m0_requires_matching_initial_magnetization[1.3]" time="1.042" /><testcase classname="tests.test_undersampling_crossvalidation" name="test_normal_prepared_sequence_is_not_silently_treated_as_external_sequence" time="0.998" /><testcase classname="tests.test_undersampling_crossvalidation" name="test_reference_loader_rejects_changed_source_before_execution" time="0.049" /></testsuite></testsuites>